<?xml version="1.0" encoding="UTF-8"?>
<testng-results skipped="0" failed="0" ignored="0" total="1" passed="1">
  <reporter-output>
  </reporter-output>
  <suite name="Default suite" duration-ms="61560" started-at="2020-10-14T12:07:03Z" finished-at="2020-10-14T12:08:05Z">
    <groups>
    </groups>
    <test name="Default test" duration-ms="61560" started-at="2020-10-14T12:07:03Z" finished-at="2020-10-14T12:08:05Z">
      <class name="testController.TestController">
        <test-method status="PASS" signature="initBrowser()[pri:0, instance:testController.TestController@3a82f6ef]" name="initBrowser" is-config="true" duration-ms="424" started-at="2020-10-14T17:37:03Z" finished-at="2020-10-14T17:37:04Z">
          <reporter-output>
          </reporter-output>
        </test-method> <!-- initBrowser -->
        <test-method status="PASS" signature="TestCaseController()[pri:0, instance:testController.TestController@3a82f6ef]" name="TestCaseController" duration-ms="61096" started-at="2020-10-14T17:37:04Z" finished-at="2020-10-14T17:38:05Z">
          <reporter-output>
          </reporter-output>
        </test-method> <!-- TestCaseController -->
        <test-method status="PASS" signature="quitBrowser()[pri:0, instance:testController.TestController@3a82f6ef]" name="quitBrowser" is-config="true" duration-ms="0" started-at="2020-10-14T17:38:05Z" finished-at="2020-10-14T17:38:05Z">
          <reporter-output>
          </reporter-output>
        </test-method> <!-- quitBrowser -->
      </class> <!-- testController.TestController -->
    </test> <!-- Default test -->
  </suite> <!-- Default suite -->
</testng-results>
